<?xml version="1.0" encoding="UTF-8"?>
<!-- Generated by org.testng.reporters.JUnitReportReporter -->
<testsuite hostname="kwsys4-HP-250-G8-Notebook-PC" failures="0" tests="1" name="scromFileUpload.Test.ExtractZipStoreInFolder" time="0.142" errors="0" timestamp="17 Jan 2024 17:47:16 GMT" skipped="0">
  <testcase classname="scromFileUpload.Test.ExtractZipStoreInFolder" name="ExtractZipFile" time="0.142"/>
</testsuite> <!-- scromFileUpload.Test.ExtractZipStoreInFolder -->
