<?xml version="1.0" encoding="UTF-8"?>
<!-- Generated by org.testng.reporters.JUnitReportReporter -->
<testsuite hostname="kwsys4-HP-250-G8-Notebook-PC" failures="0" tests="1" name="scromFileUpload.Test.Test1" time="35.502" errors="0" timestamp="22 Jan 2024 06:53:08 GMT" skipped="0">
  <testcase classname="scromFileUpload.Test.Test1" name="scromFileUpload" time="35.502"/>
</testsuite> <!-- scromFileUpload.Test.Test1 -->
