<?xml version="1.0" encoding="UTF-8"?>
<!-- Generated by org.testng.reporters.JUnitReportReporter -->
<testsuite hostname="kwsys4-HP-250-G8-Notebook-PC" failures="0" tests="1" name="scromFileUpload.Test.ExtractZipFileStoreInFolder" time="0.008" errors="0" timestamp="17 Jan 2024 17:40:05 GMT" skipped="0">
  <testcase classname="scromFileUpload.Test.ExtractZipFileStoreInFolder" name="ExtractZipFile" time="0.008"/>
</testsuite> <!-- scromFileUpload.Test.ExtractZipFileStoreInFolder -->
