<?xml version="1.0" encoding="UTF-8"?>
<!-- Generated by org.testng.reporters.JUnitReportReporter -->
<testsuite hostname="kwsys4-HP-250-G8-Notebook-PC" failures="0" tests="1" name="scromFileUpload.Test.creatingNewFolder" time="0.012" errors="0" timestamp="18 Jan 2024 09:34:37 GMT" skipped="0">
  <testcase classname="scromFileUpload.Test.creatingNewFolder" name="NewFolder" time="0.012"/>
</testsuite> <!-- scromFileUpload.Test.creatingNewFolder -->
