<?xml version="1.0" encoding="UTF-8"?>
<!-- Generated by org.testng.reporters.JUnitReportReporter -->
<testsuite hostname="kwsys4-HP-250-G8-Notebook-PC" failures="0" tests="1" name="scromFileUpload.Test.GooleCloudFileUpload" time="21.413" errors="0" timestamp="17 Jan 2024 09:25:08 GMT" skipped="0">
  <testcase classname="scromFileUpload.Test.GooleCloudFileUpload" name="scromFileUpload" time="21.413"/>
</testsuite> <!-- scromFileUpload.Test.GooleCloudFileUpload -->
