<?xml version="1.0" encoding="UTF-8"?>
<!-- Generated by org.testng.reporters.JUnitReportReporter -->
<testsuite hostname="kwsys4-HP-250-G8-Notebook-PC" failures="0" tests="1" name="scromFileUpload.Test.testTowrite" time="0.005" errors="0" timestamp="18 Jan 2024 16:32:12 GMT" skipped="0">
  <testcase classname="scromFileUpload.Test.testTowrite" name="samplewriter" time="0.005"/>
</testsuite> <!-- scromFileUpload.Test.testTowrite -->
