<?xml version="1.0" encoding="UTF-8"?>
<!-- Generated by org.testng.reporters.JUnitReportReporter -->
<testsuite hostname="kwsys4-HP-250-G8-Notebook-PC" failures="0" tests="1" name="scromFileUpload.Test.ExtractZipFile" time="0.159" errors="0" timestamp="17 Jan 2024 17:45:18 GMT" skipped="0">
  <testcase classname="scromFileUpload.Test.ExtractZipFile" name="ExtractZipFile" time="0.159"/>
</testsuite> <!-- scromFileUpload.Test.ExtractZipFile -->
